STRAIGHT SEARCH
Key d462bb76-81ee-46af-9fdb-ebfe53a93d3f found: {
  sku: 'd462bb76-81ee-46af-9fdb-ebfe53a93d3f',
  name: 'Syrup - Chocolate',
  price: '£11.35',
  pack: 10
}
Key 6df55f86-e3f5-4d7b-9cd5-906d8d7e804a found: {
  sku: '6df55f86-e3f5-4d7b-9cd5-906d8d7e804a',
  name: 'Lemonade - Island Tea, 591 Ml',
  price: '£17.15',
  pack: 1
}
Key 1e63459f-0b18-4acf-9afc-e7287347bbeb found: {
  sku: '1e63459f-0b18-4acf-9afc-e7287347bbeb',
  name: 'Veal - Osso Bucco',
  price: '£8.97',
  pack: 10
}
Key e04b6074-332f-4661-8f3a-4cdcb3adfb6a found: {
  sku: 'e04b6074-332f-4661-8f3a-4cdcb3adfb6a',
  name: 'Beef - Rib Roast, Capless',
  price: '£2.38',
  pack: 5
}
Key be77abf7-29b0-4ed1-9379-f5d7576cb5ce found: {
  sku: 'be77abf7-29b0-4ed1-9379-f5d7576cb5ce',
  name: 'Beef - Bones, Marrow',
  price: '£8.16',
  pack: 5
}
Key 3c511860-d159-457d-8374-e8205904e6f5 found: {
  sku: '3c511860-d159-457d-8374-e8205904e6f5',
  name: 'Mace',
  price: '£12.54',
  pack: 15
}
Key 1e63459f-0b18-4acf-9afc-e7287347bbeb found: {
  sku: '1e63459f-0b18-4acf-9afc-e7287347bbeb',
  name: 'Veal - Osso Bucco',
  price: '£8.97',
  pack: 10
}
Key e04b6074-332f-4661-8f3a-4cdcb3adfb6a found: {
  sku: 'e04b6074-332f-4661-8f3a-4cdcb3adfb6a',
  name: 'Beef - Rib Roast, Capless',
  price: '£2.38',
  pack: 5
}
Key 9c4a0320-1d82-4a46-83b3-511ddffb7ee6 found: {
  sku: '9c4a0320-1d82-4a46-83b3-511ddffb7ee6',
  name: 'Cranberries - Frozen',
  price: '£17.65',
  pack: 1
}
Key 1e63459f-0b18-4acf-9afc-e7287347bbeb found: {
  sku: '1e63459f-0b18-4acf-9afc-e7287347bbeb',
  name: 'Veal - Osso Bucco',
  price: '£8.97',
  pack: 10
}
Key e04b6074-332f-4661-8f3a-4cdcb3adfb6a found: {
  sku: 'e04b6074-332f-4661-8f3a-4cdcb3adfb6a',
  name: 'Beef - Rib Roast, Capless',
  price: '£2.38',
  pack: 5
}
Key be77abf7-29b0-4ed1-9379-f5d7576cb5ce found: {
  sku: 'be77abf7-29b0-4ed1-9379-f5d7576cb5ce',
  name: 'Beef - Bones, Marrow',
  price: '£8.16',
  pack: 5
}
Key 3c511860-d159-457d-8374-e8205904e6f5 found: {
  sku: '3c511860-d159-457d-8374-e8205904e6f5',
  name: 'Mace',
  price: '£12.54',
  pack: 15
}
Key 1e63459f-0b18-4acf-9afc-e7287347bbeb found: {
  sku: '1e63459f-0b18-4acf-9afc-e7287347bbeb',
  name: 'Veal - Osso Bucco',
  price: '£8.97',
  pack: 10
}
Key d462bb76-81ee-46af-9fdb-ebfe53a93d3f found: {
  sku: 'd462bb76-81ee-46af-9fdb-ebfe53a93d3f',
  name: 'Syrup - Chocolate',
  price: '£11.35',
  pack: 10
}
Key 6df55f86-e3f5-4d7b-9cd5-906d8d7e804a found: {
  sku: '6df55f86-e3f5-4d7b-9cd5-906d8d7e804a',
  name: 'Lemonade - Island Tea, 591 Ml',
  price: '£17.15',
  pack: 1
}
Key 1e63459f-0b18-4acf-9afc-e7287347bbeb found: {
  sku: '1e63459f-0b18-4acf-9afc-e7287347bbeb',
  name: 'Veal - Osso Bucco',
  price: '£8.97',
  pack: 10
}
