timer: 14.27ms
[
  {
    sku: '7f6981ca-9a5f-4f3a-8ccb-e3ddcba4fa97',
    name: 'Wine - Red, Lurton Merlot De',
    price: '┬ú9.07',
    pack: 20
  },
  {
    sku: '3fc97788-5bc2-4686-a627-4703fad8c273',
    name: 'Yeast Dry - Fleischman',
    price: '┬ú13.72',
    pack: 25
  },
  {
    sku: '1b5015a5-786a-4a13-baad-9377928a086d',
    name: 'Sauce - Thousand Island',
    price: '┬ú19.60',
    pack: 1
  },
  {
    sku: '7f6981ca-9a5f-4f3a-8ccb-e3ddcba4fa97',
    name: 'Wine - Red, Lurton Merlot De',
    price: '┬ú9.07',
    pack: 20
  },
  {
    sku: '7f6981ca-9a5f-4f3a-8ccb-e3ddcba4fa97',
    name: 'Wine - Red, Lurton Merlot De',
    price: '┬ú9.07',
    pack: 20
  },
  {
    sku: '1b5015a5-786a-4a13-baad-9377928a086d',
    name: 'Sauce - Thousand Island',
    price: '┬ú19.60',
    pack: 1
  },
  {
    sku: '1b5015a5-786a-4a13-baad-9377928a086d',
    name: 'Sauce - Thousand Island',
    price: '┬ú19.60',
    pack: 1
  },
  {
    sku: '7f6981ca-9a5f-4f3a-8ccb-e3ddcba4fa97',
    name: 'Wine - Red, Lurton Merlot De',
    price: '┬ú9.07',
    pack: 20
  },
  {
    sku: '7f6981ca-9a5f-4f3a-8ccb-e3ddcba4fa97',
    name: 'Wine - Red, Lurton Merlot De',
    price: '┬ú9.07',
    pack: 20
  },
  {
    sku: '1b5015a5-786a-4a13-baad-9377928a086d',
    name: 'Sauce - Thousand Island',
    price: '┬ú19.60',
    pack: 1
  },
  {
    sku: '7f6981ca-9a5f-4f3a-8ccb-e3ddcba4fa97',
    name: 'Wine - Red, Lurton Merlot De',
    price: '┬ú9.07',
    pack: 20
  },
  {
    sku: '7f6981ca-9a5f-4f3a-8ccb-e3ddcba4fa97',
    name: 'Wine - Red, Lurton Merlot De',
    price: '┬ú9.07',
    pack: 20
  },
  {
    sku: '1b5015a5-786a-4a13-baad-9377928a086d',
    name: 'Sauce - Thousand Island',
    price: '┬ú19.60',
    pack: 1
  },
  {
    sku: '1b5015a5-786a-4a13-baad-9377928a086d',
    name: 'Sauce - Thousand Island',
    price: '┬ú19.60',
    pack: 1
  },
  {
    sku: '7f6981ca-9a5f-4f3a-8ccb-e3ddcba4fa97',
    name: 'Wine - Red, Lurton Merlot De',
    price: '┬ú9.07',
    pack: 20
  },
  {
    sku: '3fc97788-5bc2-4686-a627-4703fad8c273',
    name: 'Yeast Dry - Fleischman',
    price: '┬ú13.72',
    pack: 25
  },
  {
    sku: '1b5015a5-786a-4a13-baad-9377928a086d',
    name: 'Sauce - Thousand Island',
    price: '┬ú19.60',
    pack: 1
  }
]
